<?xml version="1.0" encoding="UTF-8"?>
<!-- Generated by org.testng.reporters.JUnitReportReporter -->
<testsuite skipped="0" hostname="G14" name="testng2_concepts.NS001_TestngSyntax" tests="1" failures="0" timestamp="25 May 2023 21:47:08 GMT" time="0.009" errors="0">
  <testcase name="displaymessage" time="0.009" classname="testng2_concepts.NS001_TestngSyntax"/>
</testsuite> <!-- testng2_concepts.NS001_TestngSyntax -->
