<?xml version="1.0" encoding="UTF-8"?>
<!-- Generated by org.testng.reporters.JUnitReportReporter -->
<testsuite skipped="0" hostname="G14" name="testngConcepts.AP006_ApplicationLoginTests" tests="1" failures="0" timestamp="21 May 2023 18:39:05 GMT" time="3.834" errors="0">
  <testcase name="LoginTest" time="3.834" classname="testngConcepts.AP006_ApplicationLoginTests"/>
</testsuite> <!-- testngConcepts.AP006_ApplicationLoginTests -->
