<?xml version="1.0" encoding="UTF-8"?>
<!-- Generated by org.testng.reporters.JUnitReportReporter -->
<testsuite skipped="0" hostname="G14" name="testngConcepts.AP001_TestNGSyntax" tests="2" failures="0" timestamp="03 May 2023 16:25:32 GMT" time="0.006" errors="0">
  <testcase name="DisplayName" time="0.006" classname="testngConcepts.AP001_TestNGSyntax"/>
  <testcase name="displaymsg" time="0.000" classname="testngConcepts.AP001_TestNGSyntax"/>
</testsuite> <!-- testngConcepts.AP001_TestNGSyntax -->
