<?xml version="1.0" encoding="UTF-8"?>
<!-- Generated by org.testng.reporters.JUnitReportReporter -->
<testsuite skipped="0" hostname="G14" name="testngConcepts.AP004_Application" tests="3" failures="0" timestamp="21 May 2023 18:39:05 GMT" time="8.214" errors="0">
  <testcase name="CheckForgotPassword" time="3.061" classname="testngConcepts.AP004_Application"/>
  <testcase name="CheckNewAccButtonDisplayed" time="2.492" classname="testngConcepts.AP004_Application"/>
  <testcase name="verifyLoginbutton" time="2.661" classname="testngConcepts.AP004_Application"/>
</testsuite> <!-- testngConcepts.AP004_Application -->
