<?xml version="1.0" encoding="UTF-8"?>
<!-- Generated by org.testng.reporters.JUnitReportReporter -->
<testsuite skipped="0" hostname="G14" name="testngConcepts.AP002_PrioritiesConcept" tests="3" failures="0" timestamp="03 May 2023 16:32:39 GMT" time="0.007" errors="0">
  <testcase name="Login" time="0.006" classname="testngConcepts.AP002_PrioritiesConcept"/>
  <testcase name="BookTickets" time="0.001" classname="testngConcepts.AP002_PrioritiesConcept"/>
  <testcase name="Logout" time="0.000" classname="testngConcepts.AP002_PrioritiesConcept"/>
</testsuite> <!-- testngConcepts.AP002_PrioritiesConcept -->
