<?xml version="1.0" encoding="UTF-8"?>
<!-- Generated by org.testng.reporters.JUnitReportReporter -->
<testsuite skipped="2" hostname="G14" name="testngConcepts.AP005_EnabledConcept" tests="3" failures="0" timestamp="03 May 2023 22:41:49 GMT" time="2.856" errors="0">
  <testcase name="CheckForgotPassword" time="2.856" classname="testngConcepts.AP005_EnabledConcept"/>
  <testcase name="verifyLoginbutton" classname="testngConcepts.AP005_EnabledConcept">
    <skipped/>
  </testcase> <!-- verifyLoginbutton -->
  <testcase name="CheckNewAccButtonDisplayed" classname="testngConcepts.AP005_EnabledConcept">
    <skipped/>
  </testcase> <!-- CheckNewAccButtonDisplayed -->
</testsuite> <!-- testngConcepts.AP005_EnabledConcept -->
